<?xml version="1.0" encoding="UTF-8"?>
<!-- Generated by org.testng.reporters.JUnitReportReporter -->
<testsuite hostname="DESKTOP-LD72JHT" failures="0" tests="3" name="com.customerapi.Testcases.TC003_Add_Customer" time="0.847" errors="0" timestamp="2022-02-17T17:07:53 IST" skipped="0">
  <testcase classname="com.customerapi.Testcases.TC003_Add_Customer" name="Create_Customer" time="0.838"/>
  <system-out/>
  <testcase classname="com.customerapi.Testcases.TC003_Add_Customer" name="checkResponseTime" time="0.006"/>
  <system-out/>
  <testcase classname="com.customerapi.Testcases.TC003_Add_Customer" name="checkStatusCode" time="0.003"/>
  <system-out/>
</testsuite> <!-- com.customerapi.Testcases.TC003_Add_Customer -->
