<?xml version="1.0" encoding="UTF-8"?>
<!-- Generated by org.testng.reporters.JUnitReportReporter -->
<testsuite hostname="DESKTOP-LD72JHT" failures="0" tests="7" name="com.customerapi.Testcases.TC001_Get_All_Customers" time="0.046" errors="0" timestamp="2022-02-17T17:07:53 IST" skipped="0">
  <testcase classname="com.customerapi.Testcases.TC001_Get_All_Customers" name="checkContentLength" time="0.008"/>
  <system-out/>
  <testcase classname="com.customerapi.Testcases.TC001_Get_All_Customers" name="checkResponseBody" time="0.020"/>
  <system-out/>
  <testcase classname="com.customerapi.Testcases.TC001_Get_All_Customers" name="checkServerType" time="0.006"/>
  <system-out/>
  <testcase classname="com.customerapi.Testcases.TC001_Get_All_Customers" name="checkContentType" time="0.002"/>
  <system-out/>
  <testcase classname="com.customerapi.Testcases.TC001_Get_All_Customers" name="checkStatusCode" time="0.003"/>
  <system-out/>
  <testcase classname="com.customerapi.Testcases.TC001_Get_All_Customers" name="checkStatusLine" time="0.004"/>
  <system-out/>
  <testcase classname="com.customerapi.Testcases.TC001_Get_All_Customers" name="checkResponseTime" time="0.003"/>
  <system-out/>
</testsuite> <!-- com.customerapi.Testcases.TC001_Get_All_Customers -->
